This is pdfTeX, Version 3.141592653-2.6-1.40.25 (MiKTeX 23.10) (preloaded format=pdflatex 2023.10.6)  6 OCT 2023 18:43
entering extended mode
 restricted \write18 enabled.
 %&-line parsing enabled.
**./manual.tex
(manual.tex
LaTeX2e <2023-06-01> patch level 1
L3 programming layer <2023-08-29>
(C:\Users\dilee\AppData\Local\Programs\MiKTeX\tex/latex/base\article.cls
Document Class: article 2023/05/17 v1.4n Standard LaTeX document class
(C:\Users\dilee\AppData\Local\Programs\MiKTeX\tex/latex/base\size12.clo
File: size12.clo 2023/05/17 v1.4n Standard LaTeX file (size option)
)
\c@part=\count185
\c@section=\count186
\c@subsection=\count187
\c@subsubsection=\count188
\c@paragraph=\count189
\c@subparagraph=\count190
\c@figure=\count191
\c@table=\count192
\abovecaptionskip=\skip48
\belowcaptionskip=\skip49
\bibindent=\dimen140
)
(C:\Users\dilee\AppData\Local\Programs\MiKTeX\tex/latex/tools\array.sty
Package: array 2022/09/04 v2.5g Tabular extension package (FMi)
\col@sep=\dimen141
\ar@mcellbox=\box51
\extrarowheight=\dimen142
\NC@list=\toks17
\extratabsurround=\skip50
\backup@length=\skip51
\ar@cellbox=\box52
)
(C:\Users\dilee\AppData\Local\Programs\MiKTeX\tex/latex/booktabs\booktabs.sty
Package: booktabs 2020/01/12 v1.61803398 Publication quality tables
\heavyrulewidth=\dimen143
\lightrulewidth=\dimen144
\cmidrulewidth=\dimen145
\belowrulesep=\dimen146
\belowbottomsep=\dimen147
\aboverulesep=\dimen148
\abovetopsep=\dimen149
\cmidrulesep=\dimen150
\cmidrulekern=\dimen151
\defaultaddspace=\dimen152
\@cmidla=\count193
\@cmidlb=\count194
\@aboverulesep=\dimen153
\@belowrulesep=\dimen154
\@thisruleclass=\count195
\@lastruleclass=\count196
\@thisrulewidth=\dimen155
)
(C:\Users\dilee\AppData\Local\Programs\MiKTeX\tex/latex/multirow\multirow.sty
Package: multirow 2021/03/15 v2.8 Span multiple rows of a table
\multirow@colwidth=\skip52
\multirow@cntb=\count197
\multirow@dima=\skip53
\bigstrutjot=\dimen156
)
(C:\Users\dilee\AppData\Local\Programs\MiKTeX\tex/latex/makecell\makecell.sty
Package: makecell 2009/08/03 V0.1e Managing of Tab Column Heads and Cells
\rotheadsize=\dimen157
\c@nlinenum=\count198
\TeXr@lab=\toks18
)
(C:\Users\dilee\AppData\Local\Programs\MiKTeX\tex/latex/atkinson\atkinson.sty
Package: atkinson 2022/09/14 (Bob Tennent) Supports Atkinson Hyperlegible fonts
 for all LaTeX engines.

(C:\Users\dilee\AppData\Local\Programs\MiKTeX\tex/generic/iftex\ifxetex.sty
Package: ifxetex 2019/10/25 v0.7 ifxetex legacy package. Use iftex instead.

(C:\Users\dilee\AppData\Local\Programs\MiKTeX\tex/generic/iftex\iftex.sty
Package: iftex 2022/02/03 v1.0f TeX engine tests
))
(C:\Users\dilee\AppData\Local\Programs\MiKTeX\tex/generic/iftex\ifluatex.sty
Package: ifluatex 2019/10/25 v1.5 ifluatex legacy package. Use iftex instead.
)
(C:\Users\dilee\AppData\Local\Programs\MiKTeX\tex/latex/xkeyval\xkeyval.sty
Package: xkeyval 2022/06/16 v2.9 package option processing (HA)

(C:\Users\dilee\AppData\Local\Programs\MiKTeX\tex/generic/xkeyval\xkeyval.tex
(C:\Users\dilee\AppData\Local\Programs\MiKTeX\tex/generic/xkeyval\xkvutils.tex
\XKV@toks=\toks19
\XKV@tempa@toks=\toks20

(C:\Users\dilee\AppData\Local\Programs\MiKTeX\tex/generic/xkeyval\keyval.tex))
\XKV@depth=\count199
File: xkeyval.tex 2014/12/03 v2.7a key=value parser (HA)
)) (C:\Users\dilee\AppData\Local\Programs\MiKTeX\tex/latex/base\textcomp.sty
Package: textcomp 2020/02/02 v2.0n Standard LaTeX package
)
(C:\Users\dilee\AppData\Local\Programs\MiKTeX\tex/latex/base\fontenc.sty
Package: fontenc 2021/04/29 v2.0v Standard LaTeX package
)
(C:\Users\dilee\AppData\Local\Programs\MiKTeX\tex/latex/fontaxes\fontaxes.sty
Package: fontaxes 2020/07/21 v1.0e Font selection axes
LaTeX Info: Redefining \upshape on input line 29.
LaTeX Info: Redefining \itshape on input line 31.
LaTeX Info: Redefining \slshape on input line 33.
LaTeX Info: Redefining \swshape on input line 35.
LaTeX Info: Redefining \scshape on input line 37.
LaTeX Info: Redefining \sscshape on input line 39.
LaTeX Info: Redefining \ulcshape on input line 41.
LaTeX Info: Redefining \textsw on input line 47.
LaTeX Info: Redefining \textssc on input line 48.
LaTeX Info: Redefining \textulc on input line 49.
))
LaTeX Font Info:    Trying to load font information for OT1+atkinsn-LF on input
 line 11.

(C:\Users\dilee\AppData\Local\Programs\MiKTeX\tex/latex/atkinson\ot1atkinsn-lf.
fd
File: OT1atkinsn-LF.fd 2021/02/05 (autoinst) Font definitions for OT1/atkinsn-L
F.
)
LaTeX Font Info:    Font shape `OT1/atkinsn-LF/m/n' will be
(Font)              scaled to size 12.0pt on input line 11.

(C:\Users\dilee\AppData\Local\Programs\MiKTeX\tex/latex/l3backend\l3backend-pdf
tex.def
File: l3backend-pdftex.def 2023-04-19 L3 backend support: PDF output (pdfTeX)
\l__color_backend_stack_int=\count266
\l__pdf_internal_box=\box53
) (manual.aux)
\openout1 = `manual.aux'.

LaTeX Font Info:    Checking defaults for OML/cmm/m/it on input line 11.
LaTeX Font Info:    ... okay on input line 11.
LaTeX Font Info:    Checking defaults for OMS/cmsy/m/n on input line 11.
LaTeX Font Info:    ... okay on input line 11.
LaTeX Font Info:    Checking defaults for OT1/cmr/m/n on input line 11.
LaTeX Font Info:    ... okay on input line 11.
LaTeX Font Info:    Checking defaults for T1/cmr/m/n on input line 11.
LaTeX Font Info:    ... okay on input line 11.
LaTeX Font Info:    Checking defaults for TS1/cmr/m/n on input line 11.
LaTeX Font Info:    ... okay on input line 11.
LaTeX Font Info:    Checking defaults for OMX/cmex/m/n on input line 11.
LaTeX Font Info:    ... okay on input line 11.
LaTeX Font Info:    Checking defaults for U/cmr/m/n on input line 11.
LaTeX Font Info:    ... okay on input line 11.
\c@mv@tabular=\count267
\c@mv@boldtabular=\count268
LaTeX Font Info:    Font shape `OT1/atkinsn-LF/m/n' will be
(Font)              scaled to size 20.74pt on input line 12.
LaTeX Font Info:    Font shape `OT1/atkinsn-LF/m/n' will be
(Font)              scaled to size 24.88pt on input line 12.
LaTeX Font Info:    Font shape `OT1/atkinsn-LF/m/n' will be
(Font)              scaled to size 14.4pt on input line 12.
LaTeX Font Info:    External font `cmex10' loaded for size
(Font)              <14.4> on input line 12.
LaTeX Font Info:    External font `cmex10' loaded for size
(Font)              <7> on input line 12.


LaTeX Warning: No \author given.

[1

{C:/Users/dilee/AppData/Local/MiKTeX/fonts/map/pdftex/pdftex.map}{C:/Users/dile
e/AppData/Local/Programs/MiKTeX/fonts/enc/dvips/atkinson/atksn_w3wxei.enc}]
LaTeX Font Info:    Font shape `OT1/atkinsn-LF/m/n' will be
(Font)              scaled to size 17.28pt on input line 19.
LaTeX Font Info:    Font shape `OT1/atkinsn-LF/b/n' will be
(Font)              scaled to size 17.28pt on input line 19.

[2]
LaTeX Font Info:    Font shape `OT1/atkinsn-LF/b/n' will be
(Font)              scaled to size 14.4pt on input line 44.
LaTeX Font Info:    Font shape `OT1/atkinsn-LF/m/it' will be
(Font)              scaled to size 12.0pt on input line 46.

Overfull \hbox (10.8254pt too wide) in paragraph at lines 50--51
[]\OT1/atkinsn-LF/m/n/12 Coordination of aca-demic ac-tiv-i-ties such as course
 reg-is-tra-tions, prepa-
 []


Overfull \hbox (13.78094pt too wide) in paragraph at lines 53--54
[]\OT1/atkinsn-LF/m/n/12 Coordination of cur-ricu-lum im-ple-men-ta-tion, in-tr
o-duc-tion of new courses,
 []


Overfull \hbox (2.27773pt too wide) in paragraph at lines 57--58
[]\OT1/atkinsn-LF/m/n/12 Acting as a chan-nel of com-mu-ni-ca-tion be-tween stu
-dents, fac-ulty mem-
 []

[3]
Overfull \hbox (1.24985pt too wide) in paragraph at lines 65--66
[]\OT1/atkinsn-LF/m/n/12 Coordinating the ex-tra and co-curricular ac-tiv-i-tie
s for stu-dents in three
 []


Overfull \hbox (13.75014pt too wide) in paragraph at lines 69--70
\OT1/atkinsn-LF/m/n/12 res-i-dents and is-su-ing nec-es-sary penalty in case of
 any de-vi-a-tion (through
 []


Overfull \hbox (5.61781pt too wide) in paragraph at lines 72--73
[]\OT1/atkinsn-LF/m/n/12 Coordinating the Alumni Cell ac-tiv-i-ties (through me
m-bers of the alumni
 []

[4] [5] [6]
LaTeX Font Info:    Font shape `OT1/atkinsn-LF/b/n' will be
(Font)              scaled to size 12.0pt on input line 127.
LaTeX Font Info:    External font `cmex10' loaded for size
(Font)              <12> on input line 132.
LaTeX Font Info:    External font `cmex10' loaded for size
(Font)              <8> on input line 132.
LaTeX Font Info:    External font `cmex10' loaded for size
(Font)              <6> on input line 132.


LaTeX Warning: `!h' float specifier changed to `!ht'.

[7]
LaTeX Font Info:    Trying to load font information for TS1+atkinsn-LF on input
 line 159.

(C:\Users\dilee\AppData\Local\Programs\MiKTeX\tex/latex/atkinson\ts1atkinsn-lf.
fd
File: TS1atkinsn-LF.fd 2021/02/05 (autoinst) Font definitions for TS1/atkinsn-L
F.
)
LaTeX Font Info:    Font shape `TS1/atkinsn-LF/m/n' will be
(Font)              scaled to size 12.0pt on input line 159.
 [8{C:/Users/dilee/AppData/Local/Programs/MiKTeX/fonts/enc/dvips/atkinson/atksn
_ycy2xh.enc}] [9] (manual.aux)
 ***********
LaTeX2e <2023-06-01> patch level 1
L3 programming layer <2023-08-29>
 ***********
 ) 
Here is how much of TeX's memory you used:
 1730 strings out of 475248
 30426 string characters out of 5757813
 1926785 words of memory out of 5000000
 23249 multiletter control sequences out of 15000+600000
 572453 words of font info for 73 fonts, out of 8000000 for 9000
 1141 hyphenation exceptions out of 8191
 57i,6n,65p,813b,188s stack positions out of 10000i,1000n,20000p,200000b,200000s
<C:/Users/dilee/AppData/Local/Programs/MiKTeX/fonts/type1/public/atkinson/atk
insn-Bold.pfb><C:/Users/dilee/AppData/Local/Programs/MiKTeX/fonts/type1/public/
atkinson/atkinsn-Italic.pfb><C:/Users/dilee/AppData/Local/Programs/MiKTeX/fonts
/type1/public/atkinson/atkinsn-Regular.pfb><C:/Users/dilee/AppData/Local/Progra
ms/MiKTeX/fonts/type1/public/amsfonts/cm/cmmi12.pfb><C:/Users/dilee/AppData/Loc
al/Programs/MiKTeX/fonts/type1/public/amsfonts/cm/cmr12.pfb>
Output written on manual.pdf (9 pages, 88854 bytes).
PDF statistics:
 62 PDF objects out of 1000 (max. 8388607)
 0 named destinations out of 1000 (max. 500000)
 1 words of extra memory for PDF output out of 10000 (max. 10000000)

